Removed Pin From Net: NetName=GND Pin=R5-1
Removed Pin From Net: NetName=NetIC1_2 Pin=R5-2
Removed Pin From Net: NetName=NetIC1_2 Pin=R6-1
Removed Pin From Net: NetName=NetIC1_1 Pin=R6-2
Removed Pin From Net: NetName=NetC5_2 Pin=R7-1
Removed Pin From Net: NetName=NetIC1_1 Pin=R7-2
Removed Pin From Net: NetName=NetC4_2 Pin=R8-1
Removed Pin From Net: NetName=NetC5_2 Pin=R8-2
Removed Pin From Net: NetName=NetIC1_6 Pin=R9-1
Removed Pin From Net: NetName=GND Pin=R9-2
Removed Pin From Net: NetName=NetC5_1 Pin=R10-1
Removed Pin From Net: NetName=NetIC1_6 Pin=R10-2
Removed Pin From Net: NetName=NetC5_1 Pin=R11-1
Removed Pin From Net: NetName=NetC6_2 Pin=R11-2
Removed Pin From Net: NetName=GND Pin=R12-1
Removed Pin From Net: NetName=NetC7_2 Pin=R12-2
Added Pin To Net: NetName=NetIC1_2 Pin=R5-1
Added Pin To Net: NetName=GND Pin=R5-2
Added Pin To Net: NetName=NetIC1_1 Pin=R6-1
Added Pin To Net: NetName=NetIC1_2 Pin=R6-2
Added Pin To Net: NetName=NetIC1_1 Pin=R7-1
Added Pin To Net: NetName=NetC5_2 Pin=R7-2
Added Pin To Net: NetName=NetC5_2 Pin=R8-1
Added Pin To Net: NetName=NetC4_2 Pin=R8-2
Added Pin To Net: NetName=GND Pin=R9-1
Added Pin To Net: NetName=NetIC1_6 Pin=R9-2
Added Pin To Net: NetName=NetIC1_6 Pin=R10-1
Added Pin To Net: NetName=NetC5_1 Pin=R10-2
Added Pin To Net: NetName=NetC6_2 Pin=R11-1
Added Pin To Net: NetName=NetC5_1 Pin=R11-2
Added Pin To Net: NetName=NetC7_2 Pin=R12-1
Added Pin To Net: NetName=GND Pin=R12-2
