Replace Part C8 Pol Capacitor in C:\Users\Smau\workspace\github\20W_DEATHSOUND\Power Amp.SchDoc with Pol Capacitor from nucleoduro_lib_audio.SchLib
Replace Part C11 Capacitor in C:\Users\Smau\workspace\github\20W_DEATHSOUND\Power Amp.SchDoc with Capacitor from nucleoduro_lib_audio.SchLib
Replace Part C12 Capacitor in C:\Users\Smau\workspace\github\20W_DEATHSOUND\Power Amp.SchDoc with Capacitor from nucleoduro_lib_audio.SchLib
Replace Part C13 Capacitor in C:\Users\Smau\workspace\github\20W_DEATHSOUND\Power Amp.SchDoc with Capacitor from nucleoduro_lib_audio.SchLib
Replace Part C14 Capacitor in C:\Users\Smau\workspace\github\20W_DEATHSOUND\Power Amp.SchDoc with Capacitor from nucleoduro_lib_audio.SchLib
Replace Part C17 Capacitor in C:\Users\Smau\workspace\github\20W_DEATHSOUND\Power Amp.SchDoc with Capacitor from nucleoduro_lib_audio.SchLib
Replace Part C18 Capacitor in C:\Users\Smau\workspace\github\20W_DEATHSOUND\Power Amp.SchDoc with Capacitor from nucleoduro_lib_audio.SchLib
Replace Part C19 Capacitor in C:\Users\Smau\workspace\github\20W_DEATHSOUND\Power Amp.SchDoc with Capacitor from nucleoduro_lib_audio.SchLib
Replace Part C20 Capacitor in C:\Users\Smau\workspace\github\20W_DEATHSOUND\Power Amp.SchDoc with Capacitor from nucleoduro_lib_audio.SchLib
Replace Part C23 Capacitor in C:\Users\Smau\workspace\github\20W_DEATHSOUND\Power Amp.SchDoc with Capacitor from nucleoduro_lib_audio.SchLib
Replace Part C24 Capacitor in C:\Users\Smau\workspace\github\20W_DEATHSOUND\Power Amp.SchDoc with Capacitor from nucleoduro_lib_audio.SchLib
Replace Part C25 Capacitor in C:\Users\Smau\workspace\github\20W_DEATHSOUND\Power Amp.SchDoc with Capacitor from nucleoduro_lib_audio.SchLib
Replace Part C26 Capacitor in C:\Users\Smau\workspace\github\20W_DEATHSOUND\Power Amp.SchDoc with Capacitor from nucleoduro_lib_audio.SchLib
Replace Part HS1 Heatsink (MC33289) in C:\Users\Smau\workspace\github\20W_DEATHSOUND\Power Amp.SchDoc with Heatsink (MC33289) from nucleoduro_lib_audio.SchLib
Replace Part HS2 Heatsink (MC33289) in C:\Users\Smau\workspace\github\20W_DEATHSOUND\Power Amp.SchDoc with Heatsink (MC33289) from nucleoduro_lib_audio.SchLib
Replace Part IC2 LF356 in C:\Users\Smau\workspace\github\20W_DEATHSOUND\Power Amp.SchDoc with LF356 from nucleoduro_lib_audio.SchLib
Replace Part IC3 TL081 in C:\Users\Smau\workspace\github\20W_DEATHSOUND\Power Amp.SchDoc with TL081 from nucleoduro_lib_audio.SchLib
Replace Part J5 Terminal Block 2 Pin in C:\Users\Smau\workspace\github\20W_DEATHSOUND\Power Amp.SchDoc with Terminal Block 2 Pin from nucleoduro_lib_audio.SchLib
Replace Part J6 Terminal Block 2 Pin in C:\Users\Smau\workspace\github\20W_DEATHSOUND\Power Amp.SchDoc with Terminal Block 2 Pin from nucleoduro_lib_audio.SchLib
Replace Part J7 Terminal Block 3 Pin in C:\Users\Smau\workspace\github\20W_DEATHSOUND\Power Amp.SchDoc with Terminal Block 3 Pin from nucleoduro_lib_audio.SchLib
Replace Part JP1 Header 2 in C:\Users\Smau\workspace\github\20W_DEATHSOUND\Power Amp.SchDoc with Header 2 from nucleoduro_lib_audio.SchLib
Replace Part JP2 Header 2 in C:\Users\Smau\workspace\github\20W_DEATHSOUND\Power Amp.SchDoc with Header 2 from nucleoduro_lib_audio.SchLib
Replace Part JP3 Header 2 in C:\Users\Smau\workspace\github\20W_DEATHSOUND\Power Amp.SchDoc with Header 2 from nucleoduro_lib_audio.SchLib
Replace Part JP4 Header 2 in C:\Users\Smau\workspace\github\20W_DEATHSOUND\Power Amp.SchDoc with Header 2 from nucleoduro_lib_audio.SchLib
Replace Part JP5 Header 2 in C:\Users\Smau\workspace\github\20W_DEATHSOUND\Power Amp.SchDoc with Header 2 from nucleoduro_lib_audio.SchLib
Replace Part JP6 Header 2 in C:\Users\Smau\workspace\github\20W_DEATHSOUND\Power Amp.SchDoc with Header 2 from nucleoduro_lib_audio.SchLib
Replace Part JP7 Header 2 in C:\Users\Smau\workspace\github\20W_DEATHSOUND\Power Amp.SchDoc with Header 2 from nucleoduro_lib_audio.SchLib
Replace Part Q1 TIP120/121/122 in C:\Users\Smau\workspace\github\20W_DEATHSOUND\Power Amp.SchDoc with TIP120/121/122 from nucleoduro_lib_audio.SchLib
Replace Part Q2 TIP125/126/127 in C:\Users\Smau\workspace\github\20W_DEATHSOUND\Power Amp.SchDoc with TIP125/126/127 from nucleoduro_lib_audio.SchLib
Replace Part Q3 MMBT3904-7-F in C:\Users\Smau\workspace\github\20W_DEATHSOUND\Power Amp.SchDoc with MMBT3904-7-F from nucleoduro_lib_audio.SchLib
Replace Part Q4 MMBT3904-7-F in C:\Users\Smau\workspace\github\20W_DEATHSOUND\Power Amp.SchDoc with MMBT3904-7-F from nucleoduro_lib_audio.SchLib
Replace Part R12 Resistor in C:\Users\Smau\workspace\github\20W_DEATHSOUND\Power Amp.SchDoc with Resistor from nucleoduro_lib_audio.SchLib
Replace Part R13 Resistor in C:\Users\Smau\workspace\github\20W_DEATHSOUND\Power Amp.SchDoc with Resistor from nucleoduro_lib_audio.SchLib
Replace Part R14 Resistor in C:\Users\Smau\workspace\github\20W_DEATHSOUND\Power Amp.SchDoc with Resistor from nucleoduro_lib_audio.SchLib
Replace Part R15 Resistor in C:\Users\Smau\workspace\github\20W_DEATHSOUND\Power Amp.SchDoc with Resistor from nucleoduro_lib_audio.SchLib
Replace Part R16 Res Pot in C:\Users\Smau\workspace\github\20W_DEATHSOUND\Power Amp.SchDoc with Res Pot from nucleoduro_lib_audio.SchLib
Replace Part R17 Resistor in C:\Users\Smau\workspace\github\20W_DEATHSOUND\Power Amp.SchDoc with Resistor from nucleoduro_lib_audio.SchLib
Replace Part R18 Resistor in C:\Users\Smau\workspace\github\20W_DEATHSOUND\Power Amp.SchDoc with Resistor from nucleoduro_lib_audio.SchLib
Replace Part R19 Resistor in C:\Users\Smau\workspace\github\20W_DEATHSOUND\Power Amp.SchDoc with Resistor from nucleoduro_lib_audio.SchLib
