Added Component: Designator=C8(CRADIAL-2.5mm)
Added Component: Designator=C11(C0805)
Added Component: Designator=C12(C0805)
Added Component: Designator=C13(C0805)
Added Component: Designator=C14(C0805)
Added Component: Designator=C17(C0805)
Added Component: Designator=C18(C0805)
Added Component: Designator=C19(C0805)
Added Component: Designator=C20(C0805)
Added Component: Designator=C23(C0805)
Added Component: Designator=C24(C0805)
Added Component: Designator=C25(C0805)
Added Component: Designator=C26(C0805)
Added Component: Designator=HS1(MC33289)
Added Component: Designator=HS2(MC33289)
Added Component: Designator=IC2(SOIC127P600X175-8N)
Added Component: Designator=IC3(SOIC127P600X175-8N)
Added Component: Designator=J2(HDR1X2)
Added Component: Designator=J3(HDR1X2)
Added Component: Designator=J4(HDR1X2)
Added Component: Designator=J5(HDR1X2)
Added Component: Designator=J6(HDR1X2)
Added Component: Designator=J7(HDR1X2)
Added Component: Designator=J8(HDR1X2)
Added Component: Designator=Q1(TO-220)
Added Component: Designator=Q2(TO-220)
Added Component: Designator=Q3(SOT95P240X110-3N)
Added Component: Designator=Q4(SOT95P240X110-3N)
Added Component: Designator=R13(R0805)
Added Component: Designator=R14(R0805)
Added Component: Designator=R15(R0805)
Added Component: Designator=R16(Res Pot Square Trimm)
Added Component: Designator=R17(R2512)
Added Component: Designator=R18(R2512)
Added Component: Designator=R19(RAXIAL-20mm-1mm)
Added Pin To Net: NetName=-VCC Pin=C12-1
Added Pin To Net: NetName=-VCC Pin=C14-1
Added Pin To Net: NetName=-VCC Pin=C18-1
Added Pin To Net: NetName=-VCC Pin=C20-1
Added Pin To Net: NetName=-VCC Pin=C24-1
Added Pin To Net: NetName=-VCC Pin=C26-1
Added Pin To Net: NetName=-VCC Pin=IC2-4
Added Pin To Net: NetName=-VCC Pin=IC3-4
Added Pin To Net: NetName=-VCC Pin=J7-2
Added Net: Name=-VCC
Added Pin To Net: NetName=GND Pin=C8-2
Added Pin To Net: NetName=GND Pin=C11-1
Added Pin To Net: NetName=GND Pin=C12-2
Added Pin To Net: NetName=GND Pin=C13-1
Added Pin To Net: NetName=GND Pin=C14-2
Added Pin To Net: NetName=GND Pin=C17-1
Added Pin To Net: NetName=GND Pin=C18-2
Added Pin To Net: NetName=GND Pin=C19-1
Added Pin To Net: NetName=GND Pin=C20-2
Added Pin To Net: NetName=GND Pin=C23-1
Added Pin To Net: NetName=GND Pin=C24-2
Added Pin To Net: NetName=GND Pin=C25-1
Added Pin To Net: NetName=GND Pin=C26-2
Added Pin To Net: NetName=GND Pin=R14-1
Added Pin To Net: NetName=GND Pin=R15-1
Added Net: Name=GND
Added Pin To Net: NetName=NetC8_1 Pin=C8-1
Added Pin To Net: NetName=NetC8_1 Pin=R19-1
Added Net: Name=NetC8_1
Added Pin To Net: NetName=NetIC2_2 Pin=IC2-2
Added Pin To Net: NetName=NetIC2_2 Pin=J2-1
Added Pin To Net: NetName=NetIC2_2 Pin=J3-2
Added Net: Name=NetIC2_2
Added Pin To Net: NetName=NetIC2_3 Pin=IC2-3
Added Net: Name=NetIC2_3
Added Pin To Net: NetName=NetIC2_6 Pin=IC2-6
Added Pin To Net: NetName=NetIC2_6 Pin=J3-1
Added Pin To Net: NetName=NetIC2_6 Pin=J4-1
Added Pin To Net: NetName=NetIC2_6 Pin=Q3-3
Added Pin To Net: NetName=NetIC2_6 Pin=R16-1
Added Net: Name=NetIC2_6
Added Pin To Net: NetName=NetIC3_2 Pin=IC3-2
Added Pin To Net: NetName=NetIC3_2 Pin=Q4-2
Added Pin To Net: NetName=NetIC3_2 Pin=R15-2
Added Net: Name=NetIC3_2
Added Pin To Net: NetName=NetIC3_3 Pin=IC3-3
Added Pin To Net: NetName=NetIC3_3 Pin=R13-1
Added Pin To Net: NetName=NetIC3_3 Pin=R14-2
Added Net: Name=NetIC3_3
Added Pin To Net: NetName=NetIC3_6 Pin=IC3-6
Added Pin To Net: NetName=NetIC3_6 Pin=Q4-1
Added Net: Name=NetIC3_6
Added Pin To Net: NetName=NetJ2_2 Pin=J2-2
Added Pin To Net: NetName=NetJ2_2 Pin=J8-2
Added Pin To Net: NetName=NetJ2_2 Pin=R19-2
Added Net: Name=NetJ2_2
Added Pin To Net: NetName=NetJ4_2 Pin=J4-2
Added Pin To Net: NetName=NetJ4_2 Pin=Q1-1
Added Net: Name=NetJ4_2
Added Pin To Net: NetName=NetJ5_1 Pin=J5-1
Added Pin To Net: NetName=NetJ5_1 Pin=Q2-1
Added Net: Name=NetJ5_1
Added Pin To Net: NetName=NetJ5_2 Pin=J5-2
Added Pin To Net: NetName=NetJ5_2 Pin=Q3-2
Added Pin To Net: NetName=NetJ5_2 Pin=Q4-3
Added Pin To Net: NetName=NetJ5_2 Pin=R16-3
Added Net: Name=NetJ5_2
Added Pin To Net: NetName=NetJ6_2 Pin=J6-2
Added Pin To Net: NetName=NetJ6_2 Pin=Q1-2
Added Net: Name=NetJ6_2
Added Pin To Net: NetName=NetJ7_1 Pin=J7-1
Added Pin To Net: NetName=NetJ7_1 Pin=Q2-2
Added Net: Name=NetJ7_1
Added Pin To Net: NetName=NetJ8_1 Pin=J8-1
Added Pin To Net: NetName=NetJ8_1 Pin=R17-1
Added Pin To Net: NetName=NetJ8_1 Pin=R18-2
Added Net: Name=NetJ8_1
Added Pin To Net: NetName=NetQ1_3 Pin=Q1-3
Added Pin To Net: NetName=NetQ1_3 Pin=R17-2
Added Net: Name=NetQ1_3
Added Pin To Net: NetName=NetQ2_3 Pin=Q2-3
Added Pin To Net: NetName=NetQ2_3 Pin=R18-1
Added Net: Name=NetQ2_3
Added Pin To Net: NetName=NetQ3_1 Pin=Q3-1
Added Pin To Net: NetName=NetQ3_1 Pin=R16-2
Added Net: Name=NetQ3_1
Added Pin To Net: NetName=VCC Pin=C11-2
Added Pin To Net: NetName=VCC Pin=C13-2
Added Pin To Net: NetName=VCC Pin=C17-2
Added Pin To Net: NetName=VCC Pin=C19-2
Added Pin To Net: NetName=VCC Pin=C23-2
Added Pin To Net: NetName=VCC Pin=C25-2
Added Pin To Net: NetName=VCC Pin=IC2-7
Added Pin To Net: NetName=VCC Pin=IC3-7
Added Pin To Net: NetName=VCC Pin=J6-1
Added Pin To Net: NetName=VCC Pin=R13-2
Added Net: Name=VCC
Added Class: Name=Power Amp
Added Room: Name=Power Amp
