Replace Part C1 Pol Capacitor in C:\Users\Smau\workspace\github\20W_DEATHSOUND\Preamp.SchDoc with Pol Capacitor from nucleoduro_lib_audio.SchLib
Replace Part C2 Pol Capacitor in C:\Users\Smau\workspace\github\20W_DEATHSOUND\Preamp.SchDoc with Pol Capacitor from nucleoduro_lib_audio.SchLib
Replace Part C3 Pol Capacitor in C:\Users\Smau\workspace\github\20W_DEATHSOUND\Preamp.SchDoc with Pol Capacitor from nucleoduro_lib_audio.SchLib
Replace Part C4 Capacitor in C:\Users\Smau\workspace\github\20W_DEATHSOUND\Preamp.SchDoc with Capacitor from nucleoduro_lib_audio.SchLib
Replace Part C5 Capacitor in C:\Users\Smau\workspace\github\20W_DEATHSOUND\Preamp.SchDoc with Capacitor from nucleoduro_lib_audio.SchLib
Replace Part C6 Capacitor in C:\Users\Smau\workspace\github\20W_DEATHSOUND\Preamp.SchDoc with Capacitor from nucleoduro_lib_audio.SchLib
Replace Part C7 Pol Capacitor in C:\Users\Smau\workspace\github\20W_DEATHSOUND\Preamp.SchDoc with Pol Capacitor from nucleoduro_lib_audio.SchLib
Replace Part C9 Capacitor in C:\Users\Smau\workspace\github\20W_DEATHSOUND\Preamp.SchDoc with Capacitor from nucleoduro_lib_audio.SchLib
Replace Part C10 Capacitor in C:\Users\Smau\workspace\github\20W_DEATHSOUND\Preamp.SchDoc with Capacitor from nucleoduro_lib_audio.SchLib
Replace Part C15 Capacitor in C:\Users\Smau\workspace\github\20W_DEATHSOUND\Preamp.SchDoc with Capacitor from nucleoduro_lib_audio.SchLib
Replace Part C16 Capacitor in C:\Users\Smau\workspace\github\20W_DEATHSOUND\Preamp.SchDoc with Capacitor from nucleoduro_lib_audio.SchLib
Replace Part C21 Capacitor in C:\Users\Smau\workspace\github\20W_DEATHSOUND\Preamp.SchDoc with Capacitor from nucleoduro_lib_audio.SchLib
Replace Part C22 Capacitor in C:\Users\Smau\workspace\github\20W_DEATHSOUND\Preamp.SchDoc with Capacitor from nucleoduro_lib_audio.SchLib
Replace Part IC1 TL082 in C:\Users\Smau\workspace\github\20W_DEATHSOUND\Preamp.SchDoc with TL082 from nucleoduro_lib_audio.SchLib
Replace Part IC1 TL082 in C:\Users\Smau\workspace\github\20W_DEATHSOUND\Preamp.SchDoc with TL082 from nucleoduro_lib_audio.SchLib
Replace Part J1 Terminal Block 2 Pin in C:\Users\Smau\workspace\github\20W_DEATHSOUND\Preamp.SchDoc with Terminal Block 2 Pin from nucleoduro_lib_audio.SchLib
Replace Part J2 Terminal Block 2 Pin in C:\Users\Smau\workspace\github\20W_DEATHSOUND\Preamp.SchDoc with Terminal Block 2 Pin from nucleoduro_lib_audio.SchLib
Replace Part J3 Terminal Block 3 Pin in C:\Users\Smau\workspace\github\20W_DEATHSOUND\Preamp.SchDoc with Terminal Block 3 Pin from nucleoduro_lib_audio.SchLib
Replace Part J4 Terminal Block 3 Pin in C:\Users\Smau\workspace\github\20W_DEATHSOUND\Preamp.SchDoc with Terminal Block 3 Pin from nucleoduro_lib_audio.SchLib
Replace Part R1 Resistor in C:\Users\Smau\workspace\github\20W_DEATHSOUND\Preamp.SchDoc with Resistor from nucleoduro_lib_audio.SchLib
Replace Part R3 Resistor in C:\Users\Smau\workspace\github\20W_DEATHSOUND\Preamp.SchDoc with Resistor from nucleoduro_lib_audio.SchLib
Replace Part R4 Resistor in C:\Users\Smau\workspace\github\20W_DEATHSOUND\Preamp.SchDoc with Resistor from nucleoduro_lib_audio.SchLib
Replace Part R5 Resistor in C:\Users\Smau\workspace\github\20W_DEATHSOUND\Preamp.SchDoc with Resistor from nucleoduro_lib_audio.SchLib
Replace Part R6 Resistor in C:\Users\Smau\workspace\github\20W_DEATHSOUND\Preamp.SchDoc with Resistor from nucleoduro_lib_audio.SchLib
Replace Part R7 Resistor in C:\Users\Smau\workspace\github\20W_DEATHSOUND\Preamp.SchDoc with Resistor from nucleoduro_lib_audio.SchLib
Replace Part R8 Resistor in C:\Users\Smau\workspace\github\20W_DEATHSOUND\Preamp.SchDoc with Resistor from nucleoduro_lib_audio.SchLib
Replace Part R9 Resistor in C:\Users\Smau\workspace\github\20W_DEATHSOUND\Preamp.SchDoc with Resistor from nucleoduro_lib_audio.SchLib
Replace Part R10 Resistor in C:\Users\Smau\workspace\github\20W_DEATHSOUND\Preamp.SchDoc with Resistor from nucleoduro_lib_audio.SchLib
Replace Part R11 Resistor in C:\Users\Smau\workspace\github\20W_DEATHSOUND\Preamp.SchDoc with Resistor from nucleoduro_lib_audio.SchLib
Replace Part R12 Resistor in C:\Users\Smau\workspace\github\20W_DEATHSOUND\Preamp.SchDoc with Resistor from nucleoduro_lib_audio.SchLib
